<?xml version="1.0" encoding="UTF-8"?>
<!-- Generated by org.testng.reporters.JUnitXMLReporter -->
<testsuite ignored="12" hostname="LTIN293420" failures="0" tests="13" name="Test no 1" time="193.837" errors="0" timestamp="2024-03-06T12:54:44 IST">
  <testcase classname="smokeTestCases.TC_004_ValidLandingPageTitleTest" name="validLandingPage" time="0.929"/>
  <testcase classname="smokeTestCases.TC_005_CarLoanTabClickableTest" name="isCarLoanTabClickable" time="0.243"/>
  <testcase classname="testCases.TC_001_CarLoanDDT" name="carLoanTest" time="21.358"/>
  <testcase classname="testCases.TC_002_HomeLoanDDT" name="homeLoanTest" time="22.141"/>
  <testcase classname="testCases.TC_002_HomeLoanDDT" name="homeLoanTest" time="3.868"/>
  <testcase classname="testCases.TC_002_HomeLoanDDT" name="homeLoanTest" time="4.277"/>
  <testcase classname="smokeTestCases.TC_006_LoanCalculatorYearMonthTentureValidationTest" name="isNavigatedToLoanCalculator" time="6.354"/>
  <testcase classname="smokeTestCases.TC_006_LoanCalculatorYearMonthTentureValidationTest" name="yearMonthBtnTesting" time="4.491"/>
  <testcase classname="smokeTestCases.TC_006_LoanCalculatorYearMonthTentureValidationTest" name="yearMonthBtnTesting" time="4.531"/>
  <testcase classname="testCases.TC_003_LoanCalculatorDDT" name="LoanCalculatorTest" time="45.782"/>
  <testcase classname="testCases.TC_003_LoanCalculatorDDT" name="LoanAmountCalculatorTest" time="31.267"/>
  <testcase classname="testCases.TC_003_LoanCalculatorDDT" name="LoanTentureCalculatorTest" time="27.423"/>
  <testcase classname="smokeTestCases.TC_007_LoanCalculatorShareButtonTest" name="isShareBtnWorking" time="2.194"/>
  <testcase classname="testBase.BaseClass" name="@BeforeTest setUp" time="0.0">
    <ignored/>
  </testcase> <!-- @BeforeTest setUp -->
  <testcase classname="testBase.BaseClass" name="@BeforeTest setUp" time="0.0">
    <ignored/>
  </testcase> <!-- @BeforeTest setUp -->
  <testcase classname="testBase.BaseClass" name="@AfterTest tearDown" time="0.0">
    <ignored/>
  </testcase> <!-- @AfterTest tearDown -->
  <testcase classname="testBase.BaseClass" name="@AfterTest tearDown" time="0.0">
    <ignored/>
  </testcase> <!-- @AfterTest tearDown -->
  <testcase classname="testBase.BaseClass" name="@BeforeTest setUp" time="0.0">
    <ignored/>
  </testcase> <!-- @BeforeTest setUp -->
  <testcase classname="testBase.BaseClass" name="@BeforeTest setUp" time="0.0">
    <ignored/>
  </testcase> <!-- @BeforeTest setUp -->
  <testcase classname="testBase.BaseClass" name="@BeforeTest setUp" time="0.0">
    <ignored/>
  </testcase> <!-- @BeforeTest setUp -->
  <testcase classname="testBase.BaseClass" name="@AfterTest tearDown" time="0.0">
    <ignored/>
  </testcase> <!-- @AfterTest tearDown -->
  <testcase classname="testBase.BaseClass" name="@AfterTest tearDown" time="0.0">
    <ignored/>
  </testcase> <!-- @AfterTest tearDown -->
  <testcase classname="testBase.BaseClass" name="@AfterTest tearDown" time="0.0">
    <ignored/>
  </testcase> <!-- @AfterTest tearDown -->
  <testcase classname="testBase.BaseClass" name="@BeforeTest setUp" time="0.0">
    <ignored/>
  </testcase> <!-- @BeforeTest setUp -->
  <testcase classname="testBase.BaseClass" name="@AfterTest tearDown" time="0.0">
    <ignored/>
  </testcase> <!-- @AfterTest tearDown -->
</testsuite> <!-- Test no 1 -->
